<?xml version="1.0" encoding="UTF-8"?>
<testng-results ignored="0" total="1" passed="1" failed="0" skipped="0">
  <reporter-output>
  </reporter-output>
  <suite started-at="2024-03-05T18:33:09 IST" name="facebookSuite" finished-at="2024-03-05T18:34:14 IST" duration-ms="64313">
    <groups>
    </groups>
    <test started-at="2024-03-05T18:33:09 IST" name="facebookTest" finished-at="2024-03-05T18:34:14 IST" duration-ms="64313">
      <class name="test_Facebook.TestCase1">
        <test-method is-config="true" signature="preCondition(java.lang.String)[pri:0, instance:test_Facebook.TestCase1@2dde1bff]" started-at="2024-03-05T18:33:09 IST" name="preCondition" finished-at="2024-03-05T18:33:41 IST" duration-ms="31155" status="PASS">
          <params>
            <param index="0">
              <value>
                <![CDATA[chrome]]>
              </value>
            </param>
          </params>
          <reporter-output>
          </reporter-output>
        </test-method> <!-- preCondition -->
        <test-method signature="login_with_valid_credentials()[pri:0, instance:test_Facebook.TestCase1@2dde1bff]" started-at="2024-03-05T18:33:41 IST" name="login_with_valid_credentials" finished-at="2024-03-05T18:34:14 IST" duration-ms="33059" status="PASS">
          <reporter-output>
          </reporter-output>
        </test-method> <!-- login_with_valid_credentials -->
      </class> <!-- test_Facebook.TestCase1 -->
    </test> <!-- facebookTest -->
  </suite> <!-- facebookSuite -->
</testng-results>
