<?xml version="1.0" encoding="UTF-8"?>
<testng-results ignored="0" total="1" passed="1" failed="0" skipped="0">
  <reporter-output>
  </reporter-output>
  <suite started-at="2024-03-05T14:26:54 IST" name="Default suite" finished-at="2024-03-05T14:28:03 IST" duration-ms="69090">
    <groups>
    </groups>
    <test started-at="2024-03-05T14:26:54 IST" name="Default test" finished-at="2024-03-05T14:28:03 IST" duration-ms="69090">
      <class name="test_Amazon.TestCase1">
        <test-method signature="login_to_amazon()[pri:0, instance:test_Amazon.TestCase1@b62d79]" started-at="2024-03-05T14:26:54 IST" name="login_to_amazon" finished-at="2024-03-05T14:28:03 IST" duration-ms="69018" status="PASS">
          <reporter-output>
          </reporter-output>
        </test-method> <!-- login_to_amazon -->
      </class> <!-- test_Amazon.TestCase1 -->
    </test> <!-- Default test -->
  </suite> <!-- Default suite -->
</testng-results>
